{"C:\\Users\\user\\alchemy\\bootcamp-three\\week-three\\labs\\Travel-Manager\\lib\\models\\Trip.js": {"path":"C:\\Users\\user\\alchemy\\bootcamp-three\\week-three\\labs\\Travel-Manager\\lib\\models\\Trip.js","statementMap":{"0":{"start":{"line":1,"column":17},"end":{"line":1,"column":36}},"1":{"start":{"line":3,"column":15},"end":{"line":9,"column":2}},"2":{"start":{"line":11,"column":0},"end":{"line":11,"column":48}}},"fnMap":{},"branchMap":{},"s":{"0":1,"1":1,"2":1},"f":{},"b":{},"_coverageSchema":"43e27e138ebf9cfc5966b082cf9a028302ed4184","hash":"0d33f6ef330729295e08c73ce5abbff81204dfad"}
}
