{"C:\\Users\\user\\alchemy\\bootcamp-three\\week-three\\labs\\Travel-Manager\\lib\\models\\IteneraryItem.js": {"path":"C:\\Users\\user\\alchemy\\bootcamp-three\\week-three\\labs\\Travel-Manager\\lib\\models\\IteneraryItem.js","statementMap":{"0":{"start":{"line":1,"column":17},"end":{"line":1,"column":36}},"1":{"start":{"line":3,"column":15},"end":{"line":25,"column":2}},"2":{"start":{"line":27,"column":0},"end":{"line":27,"column":57}}},"fnMap":{},"branchMap":{},"s":{"0":1,"1":1,"2":1},"f":{},"b":{},"_coverageSchema":"43e27e138ebf9cfc5966b082cf9a028302ed4184","hash":"2041f722e33471f886b75e7d7f251270d7feeefd"}
}
